<?xml version="1.0" encoding="UTF-8"?>
<!-- Generated by org.testng.reporters.JUnitXMLReporter -->
<testsuite hostname="user-PC" ignored="0" name="Retry in TestNG" tests="3" failures="0" timestamp="12 Jul 2018 08:11:34 GMT" time="0.074" errors="0">
  <testcase name="test1" time="0.021" classname="com.testNG.K_RetryTest">
    <skipped/>
  </testcase> <!-- test1 -->
  <testcase name="test1" time="0.003" classname="com.testNG.K_RetryTest">
    <skipped/>
  </testcase> <!-- test1 -->
  <testcase name="test1" time="0.002" classname="com.testNG.K_RetryTest"/>
</testsuite> <!-- Retry in TestNG -->
