<?xml version="1.0" encoding="UTF-8"?>
<!-- Generated by org.testng.reporters.JUnitXMLReporter -->
<testsuite hostname="user-PC" ignored="0" name="Grouping in TestNG" tests="3" failures="0" timestamp="10 Jul 2018 12:25:07 GMT" time="0.125" errors="0">
  <testcase name="test1" time="0.016" classname="com.testNG.GroupingInTestNG"/>
  <testcase name="test2" time="0.001" classname="com.testNG.GroupingInTestNG"/>
  <testcase name="test3" time="0.001" classname="com.testNG.GroupingInTestNG"/>
</testsuite> <!-- Grouping in TestNG -->
