<?xml version="1.0" encoding="UTF-8"?>
<!-- Generated by org.testng.reporters.JUnitXMLReporter -->
<testsuite hostname="user-PC" ignored="0" name="Listeners in TestNG" tests="12" failures="1" timestamp="11 Jul 2018 12:44:38 GMT" time="0.107" errors="0">
  <testcase name="test1" time="0.016" classname="com.testNG.J_ListnerTestClass"/>
  <testcase name="test2" time="0.001" classname="com.testNG.J_ListnerTestClass">
    <skipped/>
  </testcase> <!-- test2 -->
  <testcase name="test3" time="0.005" classname="com.testNG.J_ListnerTestClass"/>
  <testcase name="test3" time="0.002" classname="com.testNG.J_ListnerTestClass"/>
  <testcase name="test3" time="0.001" classname="com.testNG.J_ListnerTestClass"/>
  <testcase name="test3" time="0.001" classname="com.testNG.J_ListnerTestClass"/>
  <testcase name="test3" time="0.002" classname="com.testNG.J_ListnerTestClass"/>
  <testcase name="test1" time="0.002" classname="com.testNG.D_DependsOnMethodInTestNG"/>
  <testcase name="test4" time="0.002" classname="com.testNG.D_DependsOnMethodInTestNG">
    <failure type="java.lang.AssertionError" message="expected [true] but found [false]">
      <![CDATA[java.lang.AssertionError: expected [true] but found [false]
at com.testNG.D_DependsOnMethodInTestNG.test4(D_DependsOnMethodInTestNG.java:31)
... Removed 29 stack frames]]>
    </failure>
  </testcase> <!-- test4 -->
  <testcase name="test2" time="0.002" classname="com.testNG.D_DependsOnMethodInTestNG"/>
  <testcase name="test5" time="0.0" classname="com.testNG.D_DependsOnMethodInTestNG">
    <skipped/>
  </testcase> <!-- test5 -->
  <testcase name="test3" time="0.001" classname="com.testNG.D_DependsOnMethodInTestNG"/>
</testsuite> <!-- Listeners in TestNG -->
