<?xml version="1.0" encoding="UTF-8"?>
<testng-results skipped="0" failed="0" ignored="0" total="2" passed="2">
  <reporter-output>
  </reporter-output>
  <suite name="Default suite" duration-ms="52" started-at="2018-05-28T12:04:02Z" finished-at="2018-05-28T12:04:02Z">
    <groups>
    </groups>
    <test name="Default test" duration-ms="52" started-at="2018-05-28T12:04:02Z" finished-at="2018-05-28T12:04:02Z">
      <class name="com.testNG1.BasicAnnotations">
        <test-method status="PASS" signature="test1()[pri:0, instance:com.testNG1.BasicAnnotations@6a024a67]" name="test1" is-config="true" duration-ms="26" started-at="2018-05-28T17:34:02Z" finished-at="2018-05-28T17:34:02Z">
          <reporter-output>
          </reporter-output>
        </test-method> <!-- test1 -->
        <test-method status="PASS" signature="test2()[pri:0, instance:com.testNG1.BasicAnnotations@6a024a67]" name="test2" is-config="true" duration-ms="0" started-at="2018-05-28T17:34:02Z" finished-at="2018-05-28T17:34:02Z">
          <reporter-output>
          </reporter-output>
        </test-method> <!-- test2 -->
        <test-method status="PASS" signature="test3()[pri:0, instance:com.testNG1.BasicAnnotations@6a024a67]" name="test3" is-config="true" duration-ms="0" started-at="2018-05-28T17:34:02Z" finished-at="2018-05-28T17:34:02Z">
          <reporter-output>
          </reporter-output>
        </test-method> <!-- test3 -->
        <test-method status="PASS" signature="test10()[pri:0, instance:com.testNG1.BasicAnnotations@6a024a67]" name="test10" duration-ms="8" started-at="2018-05-28T17:34:02Z" finished-at="2018-05-28T17:34:02Z">
          <reporter-output>
          </reporter-output>
        </test-method> <!-- test10 -->
        <test-method status="PASS" signature="test4()[pri:0, instance:com.testNG1.BasicAnnotations@6a024a67]" name="test4" is-config="true" duration-ms="0" started-at="2018-05-28T17:34:02Z" finished-at="2018-05-28T17:34:02Z">
          <reporter-output>
          </reporter-output>
        </test-method> <!-- test4 -->
        <test-method status="PASS" signature="test8()[pri:0, instance:com.testNG1.BasicAnnotations@6a024a67]" name="test8" is-config="true" duration-ms="3" started-at="2018-05-28T17:34:02Z" finished-at="2018-05-28T17:34:02Z">
          <reporter-output>
          </reporter-output>
        </test-method> <!-- test8 -->
        <test-method status="PASS" signature="test4()[pri:0, instance:com.testNG1.BasicAnnotations@6a024a67]" name="test4" is-config="true" duration-ms="0" started-at="2018-05-28T17:34:02Z" finished-at="2018-05-28T17:34:02Z">
          <reporter-output>
          </reporter-output>
        </test-method> <!-- test4 -->
        <test-method status="PASS" signature="test5()[pri:0, instance:com.testNG1.BasicAnnotations@6a024a67]" name="test5" duration-ms="2" started-at="2018-05-28T17:34:02Z" finished-at="2018-05-28T17:34:02Z">
          <reporter-output>
          </reporter-output>
        </test-method> <!-- test5 -->
        <test-method status="PASS" signature="test8()[pri:0, instance:com.testNG1.BasicAnnotations@6a024a67]" name="test8" is-config="true" duration-ms="2" started-at="2018-05-28T17:34:02Z" finished-at="2018-05-28T17:34:02Z">
          <reporter-output>
          </reporter-output>
        </test-method> <!-- test8 -->
        <test-method status="PASS" signature="test7()[pri:0, instance:com.testNG1.BasicAnnotations@6a024a67]" name="test7" is-config="true" duration-ms="1" started-at="2018-05-28T17:34:02Z" finished-at="2018-05-28T17:34:02Z">
          <reporter-output>
          </reporter-output>
        </test-method> <!-- test7 -->
        <test-method status="PASS" signature="test9()[pri:0, instance:com.testNG1.BasicAnnotations@6a024a67]" name="test9" is-config="true" duration-ms="0" started-at="2018-05-28T17:34:02Z" finished-at="2018-05-28T17:34:02Z">
          <reporter-output>
          </reporter-output>
        </test-method> <!-- test9 -->
        <test-method status="PASS" signature="test11()[pri:0, instance:com.testNG1.BasicAnnotations@6a024a67]" name="test11" is-config="true" duration-ms="0" started-at="2018-05-28T17:34:02Z" finished-at="2018-05-28T17:34:02Z">
          <reporter-output>
          </reporter-output>
        </test-method> <!-- test11 -->
        <test-method status="PASS" signature="test6()[pri:0, instance:com.testNG1.BasicAnnotations@6a024a67]" name="test6" is-config="true" duration-ms="1" started-at="2018-05-28T17:34:02Z" finished-at="2018-05-28T17:34:02Z">
          <reporter-output>
          </reporter-output>
        </test-method> <!-- test6 -->
      </class> <!-- com.testNG1.BasicAnnotations -->
    </test> <!-- Default test -->
  </suite> <!-- Default suite -->
</testng-results>
